  CoLaBCommand.cpp
  CoLaBCommandBuilder.cpp
  CoLaBCommandReader.cpp
  MD5.cpp
C:\SICK\Integration\ProgrammingExamples\C++\TCP Blob Receiver\VisionaryCommon\MD5.cpp(114,37): warning C4267: 'argument': conversion from 'size_t' to 'MD5::size_type', possible loss of data
C:\SICK\Integration\ProgrammingExamples\C++\TCP Blob Receiver\VisionaryCommon\MD5.cpp(342,5): warning C4996: 'sprintf': This function or variable may be unsafe. Consider using sprintf_s instead. To disable deprecation, use _CRT_SECURE_NO_WARNINGS. See online help for details.
  Network.cpp
C:\SICK\Integration\ProgrammingExamples\C++\TCP Blob Receiver\VisionaryCommon\Network.cpp(46,17): warning C4996: 'inet_addr': Use inet_pton() or InetPton() instead or define _WINSOCK_DEPRECATED_NO_WARNINGS to disable deprecated API warnings
  PointCloudPlyWriter.cpp
  VisionaryAutoIPScan.cpp
  Unknown compiler version - please run the configure tests and report the results
C:\SICK\Integration\ProgrammingExamples\C++\TCP Blob Receiver\VisionaryCommon\include\boost\mpl\aux_\preprocessed\plain\placeholders.hpp(26): warning C4634: XML document comment: cannot be applied:  Discarding XML document comment for invalid target.
C:\SICK\Integration\ProgrammingExamples\C++\TCP Blob Receiver\VisionaryCommon\include\boost\mpl\aux_\preprocessed\plain\bind.hpp(82): warning C4634: XML document comment: cannot be applied:  Discarding XML document comment for invalid target.
C:\SICK\Integration\ProgrammingExamples\C++\TCP Blob Receiver\VisionaryCommon\include\boost\mpl\aux_\preprocessed\plain\bind.hpp(134): warning C4634: XML document comment: cannot be applied:  Discarding XML document comment for invalid target.
C:\SICK\Integration\ProgrammingExamples\C++\TCP Blob Receiver\VisionaryCommon\include\boost\mpl\aux_\preprocessed\plain\bind.hpp(192): warning C4634: XML document comment: cannot be applied:  Discarding XML document comment for invalid target.
C:\SICK\Integration\ProgrammingExamples\C++\TCP Blob Receiver\VisionaryCommon\include\boost\mpl\aux_\preprocessed\plain\bind.hpp(255): warning C4634: XML document comment: cannot be applied:  Discarding XML document comment for invalid target.
C:\SICK\Integration\ProgrammingExamples\C++\TCP Blob Receiver\VisionaryCommon\include\boost\mpl\aux_\preprocessed\plain\bind.hpp(323): warning C4634: XML document comment: cannot be applied:  Discarding XML document comment for invalid target.
C:\SICK\Integration\ProgrammingExamples\C++\TCP Blob Receiver\VisionaryCommon\include\boost\mpl\aux_\preprocessed\plain\bind.hpp(398): warning C4634: XML document comment: cannot be applied:  Discarding XML document comment for invalid target.
C:\SICK\Integration\ProgrammingExamples\C++\TCP Blob Receiver\VisionaryCommon\include\boost\mpl\aux_\preprocessed\plain\bind.hpp(454): warning C4634: XML document comment: cannot be applied:  Discarding XML document comment for invalid target.
C:\SICK\Integration\ProgrammingExamples\C++\TCP Blob Receiver\VisionaryCommon\include\boost\mpl\aux_\preprocessed\plain\bind.hpp(465): warning C4634: XML document comment: cannot be applied:  Discarding XML document comment for invalid target.
C:\SICK\Integration\ProgrammingExamples\C++\TCP Blob Receiver\VisionaryCommon\include\boost\mpl\aux_\preprocessed\plain\bind.hpp(491): warning C4634: XML document comment: cannot be applied:  Discarding XML document comment for invalid target.
C:\SICK\Integration\ProgrammingExamples\C++\TCP Blob Receiver\VisionaryCommon\include\boost\mpl\aux_\preprocessed\plain\bind.hpp(539): warning C4634: XML document comment: cannot be applied:  Discarding XML document comment for invalid target.
C:\SICK\Integration\ProgrammingExamples\C++\TCP Blob Receiver\VisionaryCommon\include\boost\mpl\aux_\preprocessed\plain\full_lambda.hpp(506): warning C4634: XML document comment: cannot be applied:  Discarding XML document comment for invalid target.
C:\SICK\Integration\ProgrammingExamples\C++\TCP Blob Receiver\VisionaryCommon\include\boost\mpl\aux_\preprocessed\plain\full_lambda.hpp(515): warning C4634: XML document comment: cannot be applied:  Discarding XML document comment for invalid target.
C:\SICK\Integration\ProgrammingExamples\C++\TCP Blob Receiver\VisionaryCommon\include\boost\mpl\aux_\preprocessed\plain\full_lambda.hpp(533): warning C4634: XML document comment: cannot be applied:  Discarding XML document comment for invalid target.
C:\SICK\Integration\ProgrammingExamples\C++\TCP Blob Receiver\VisionaryCommon\include\boost\mpl\aux_\preprocessed\plain\apply.hpp(127): warning C4634: XML document comment: cannot be applied:  Discarding XML document comment for invalid target.
C:\SICK\Integration\ProgrammingExamples\C++\TCP Blob Receiver\VisionaryCommon\include\boost\mpl\aux_\preprocessed\plain\iter_fold_impl.hpp(14): warning C4634: XML document comment: cannot be applied:  Discarding XML document comment for invalid target.
C:\SICK\Integration\ProgrammingExamples\C++\TCP Blob Receiver\VisionaryCommon\include\boost\mpl\aux_\preprocessed\plain\vector.hpp(305): warning C4634: XML document comment: cannot be applied:  Discarding XML document comment for invalid target.
C:\SICK\Integration\ProgrammingExamples\C++\TCP Blob Receiver\VisionaryCommon\include\boost\mpl\aux_\preprocessed\plain\fold_impl.hpp(14): warning C4634: XML document comment: cannot be applied:  Discarding XML document comment for invalid target.
C:\SICK\Integration\ProgrammingExamples\C++\TCP Blob Receiver\VisionaryCommon\include\boost\mpl\aux_\preprocessed\plain\reverse_fold_impl.hpp(14): warning C4634: XML document comment: cannot be applied:  Discarding XML document comment for invalid target.
C:\SICK\Integration\ProgrammingExamples\C++\TCP Blob Receiver\VisionaryCommon\include\boost\mpl\aux_\preprocessed\plain\reverse_iter_fold_impl.hpp(14): warning C4634: XML document comment: cannot be applied:  Discarding XML document comment for invalid target.
C:\SICK\Integration\ProgrammingExamples\C++\TCP Blob Receiver\VisionaryCommon\VisionaryAutoIPScan.cpp(37,11): warning C4996: 'inet_addr': Use inet_pton() or InetPton() instead or define _WINSOCK_DEPRECATED_NO_WARNINGS to disable deprecated API warnings
C:\SICK\Integration\ProgrammingExamples\C++\TCP Blob Receiver\VisionaryCommon\VisionaryAutoIPScan.cpp(44,11): warning C4996: 'inet_addr': Use inet_pton() or InetPton() instead or define _WINSOCK_DEPRECATED_NO_WARNINGS to disable deprecated API warnings
  VisionaryControl.cpp
  VisionaryData.cpp
C:\Program Files (x86)\Microsoft Visual Studio\2019\Community\VC\Tools\MSVC\14.28.29333\include\algorithm(3433,24): warning C4244: '=': conversion from 'int' to 'char', possible loss of data
C:\SICK\Integration\ProgrammingExamples\C++\TCP Blob Receiver\VisionaryCommon\VisionaryData.cpp(41): message : see reference to function template instantiation '_OutIt std::transform<std::_String_iterator<std::_String_val<std::_Simple_types<_Elem>>>,std::_String_iterator<std::_String_val<std::_Simple_types<_Elem>>>,int(__cdecl *)(int)>(const _InIt,const _InIt,_OutIt,_Fn)' being compiled
          with
          [
              _OutIt=std::_String_iterator<std::_String_val<std::_Simple_types<char>>>,
              _Elem=char,
              _InIt=std::_String_iterator<std::_String_val<std::_Simple_types<char>>>,
              _Fn=int (__cdecl *)(int)
          ]
  VisionaryDataStream.cpp
  Unknown compiler version - please run the configure tests and report the results
  VisionaryTData.cpp
  Unknown compiler version - please run the configure tests and report the results
C:\SICK\Integration\ProgrammingExamples\C++\TCP Blob Receiver\VisionaryCommon\include\boost\mpl\aux_\preprocessed\plain\placeholders.hpp(26): warning C4634: XML document comment: cannot be applied:  Discarding XML document comment for invalid target.
C:\SICK\Integration\ProgrammingExamples\C++\TCP Blob Receiver\VisionaryCommon\include\boost\mpl\aux_\preprocessed\plain\bind.hpp(82): warning C4634: XML document comment: cannot be applied:  Discarding XML document comment for invalid target.
C:\SICK\Integration\ProgrammingExamples\C++\TCP Blob Receiver\VisionaryCommon\include\boost\mpl\aux_\preprocessed\plain\bind.hpp(134): warning C4634: XML document comment: cannot be applied:  Discarding XML document comment for invalid target.
C:\SICK\Integration\ProgrammingExamples\C++\TCP Blob Receiver\VisionaryCommon\include\boost\mpl\aux_\preprocessed\plain\bind.hpp(192): warning C4634: XML document comment: cannot be applied:  Discarding XML document comment for invalid target.
C:\SICK\Integration\ProgrammingExamples\C++\TCP Blob Receiver\VisionaryCommon\include\boost\mpl\aux_\preprocessed\plain\bind.hpp(255): warning C4634: XML document comment: cannot be applied:  Discarding XML document comment for invalid target.
C:\SICK\Integration\ProgrammingExamples\C++\TCP Blob Receiver\VisionaryCommon\include\boost\mpl\aux_\preprocessed\plain\bind.hpp(323): warning C4634: XML document comment: cannot be applied:  Discarding XML document comment for invalid target.
C:\SICK\Integration\ProgrammingExamples\C++\TCP Blob Receiver\VisionaryCommon\include\boost\mpl\aux_\preprocessed\plain\bind.hpp(398): warning C4634: XML document comment: cannot be applied:  Discarding XML document comment for invalid target.
C:\SICK\Integration\ProgrammingExamples\C++\TCP Blob Receiver\VisionaryCommon\include\boost\mpl\aux_\preprocessed\plain\bind.hpp(454): warning C4634: XML document comment: cannot be applied:  Discarding XML document comment for invalid target.
C:\SICK\Integration\ProgrammingExamples\C++\TCP Blob Receiver\VisionaryCommon\include\boost\mpl\aux_\preprocessed\plain\bind.hpp(465): warning C4634: XML document comment: cannot be applied:  Discarding XML document comment for invalid target.
C:\SICK\Integration\ProgrammingExamples\C++\TCP Blob Receiver\VisionaryCommon\include\boost\mpl\aux_\preprocessed\plain\bind.hpp(491): warning C4634: XML document comment: cannot be applied:  Discarding XML document comment for invalid target.
C:\SICK\Integration\ProgrammingExamples\C++\TCP Blob Receiver\VisionaryCommon\include\boost\mpl\aux_\preprocessed\plain\bind.hpp(539): warning C4634: XML document comment: cannot be applied:  Discarding XML document comment for invalid target.
C:\SICK\Integration\ProgrammingExamples\C++\TCP Blob Receiver\VisionaryCommon\include\boost\mpl\aux_\preprocessed\plain\full_lambda.hpp(506): warning C4634: XML document comment: cannot be applied:  Discarding XML document comment for invalid target.
C:\SICK\Integration\ProgrammingExamples\C++\TCP Blob Receiver\VisionaryCommon\include\boost\mpl\aux_\preprocessed\plain\full_lambda.hpp(515): warning C4634: XML document comment: cannot be applied:  Discarding XML document comment for invalid target.
C:\SICK\Integration\ProgrammingExamples\C++\TCP Blob Receiver\VisionaryCommon\include\boost\mpl\aux_\preprocessed\plain\full_lambda.hpp(533): warning C4634: XML document comment: cannot be applied:  Discarding XML document comment for invalid target.
C:\SICK\Integration\ProgrammingExamples\C++\TCP Blob Receiver\VisionaryCommon\include\boost\mpl\aux_\preprocessed\plain\apply.hpp(127): warning C4634: XML document comment: cannot be applied:  Discarding XML document comment for invalid target.
C:\SICK\Integration\ProgrammingExamples\C++\TCP Blob Receiver\VisionaryCommon\include\boost\mpl\aux_\preprocessed\plain\iter_fold_impl.hpp(14): warning C4634: XML document comment: cannot be applied:  Discarding XML document comment for invalid target.
C:\SICK\Integration\ProgrammingExamples\C++\TCP Blob Receiver\VisionaryCommon\include\boost\mpl\aux_\preprocessed\plain\vector.hpp(305): warning C4634: XML document comment: cannot be applied:  Discarding XML document comment for invalid target.
C:\SICK\Integration\ProgrammingExamples\C++\TCP Blob Receiver\VisionaryCommon\include\boost\mpl\aux_\preprocessed\plain\fold_impl.hpp(14): warning C4634: XML document comment: cannot be applied:  Discarding XML document comment for invalid target.
C:\SICK\Integration\ProgrammingExamples\C++\TCP Blob Receiver\VisionaryCommon\include\boost\mpl\aux_\preprocessed\plain\reverse_fold_impl.hpp(14): warning C4634: XML document comment: cannot be applied:  Discarding XML document comment for invalid target.
C:\SICK\Integration\ProgrammingExamples\C++\TCP Blob Receiver\VisionaryCommon\include\boost\mpl\aux_\preprocessed\plain\reverse_iter_fold_impl.hpp(14): warning C4634: XML document comment: cannot be applied:  Discarding XML document comment for invalid target.
C:\SICK\Integration\ProgrammingExamples\C++\TCP Blob Receiver\VisionaryCommon\VisionaryTData.cpp(111,50): warning C4456: declaration of 'dataStreamTree' hides previous local declaration
C:\SICK\Integration\ProgrammingExamples\C++\TCP Blob Receiver\VisionaryCommon\VisionaryTData.cpp(67,31): message : see declaration of 'dataStreamTree'
  Generating Code...
C:\SICK\Integration\ProgrammingExamples\C++\TCP Blob Receiver\VisionaryCommon\Network.cpp(187): warning C4715: 'Network::write': not all control paths return a value
C:\SICK\Integration\ProgrammingExamples\C++\TCP Blob Receiver\VisionaryCommon\Network.cpp(200): warning C4715: 'Network::write': not all control paths return a value
  VisionaryCommon.vcxproj -> C:\SICK\Integration\ProgrammingExamples\C++\TCP Blob Receiver\x64\Debug\VisionaryCommon.lib
