Determining if the pthread_create exist failed with the following output:
Change Dir: /home/cubagem/volumetry-visionaryt/CMakeFiles/CMakeTmp

Run Build Command:"/usr/bin/make" "cmTC_af51f/fast"
/usr/bin/make -f CMakeFiles/cmTC_af51f.dir/build.make CMakeFiles/cmTC_af51f.dir/build
make[1]: Entering directory '/home/cubagem/volumetry-visionaryt/CMakeFiles/CMakeTmp'
Building C object CMakeFiles/cmTC_af51f.dir/CheckSymbolExists.c.o
/usr/bin/cc     -o CMakeFiles/cmTC_af51f.dir/CheckSymbolExists.c.o   -c /home/cubagem/volumetry-visionaryt/CMakeFiles/CMakeTmp/CheckSymbolExists.c
Linking C executable cmTC_af51f
/usr/bin/cmake -E cmake_link_script CMakeFiles/cmTC_af51f.dir/link.txt --verbose=1
/usr/bin/cc       CMakeFiles/cmTC_af51f.dir/CheckSymbolExists.c.o  -o cmTC_af51f -rdynamic 
CMakeFiles/cmTC_af51f.dir/CheckSymbolExists.c.o: In function `main':
CheckSymbolExists.c:(.text+0x1b): undefined reference to `pthread_create'
collect2: error: ld returned 1 exit status
CMakeFiles/cmTC_af51f.dir/build.make:97: recipe for target 'cmTC_af51f' failed
make[1]: *** [cmTC_af51f] Error 1
make[1]: Leaving directory '/home/cubagem/volumetry-visionaryt/CMakeFiles/CMakeTmp'
Makefile:126: recipe for target 'cmTC_af51f/fast' failed
make: *** [cmTC_af51f/fast] Error 2

File /home/cubagem/volumetry-visionaryt/CMakeFiles/CMakeTmp/CheckSymbolExists.c:
/* */
#include <pthread.h>

int main(int argc, char** argv)
{
  (void)argv;
#ifndef pthread_create
  return ((int*)(&pthread_create))[argc];
#else
  (void)argc;
  return 0;
#endif
}

Determining if the function pthread_create exists in the pthreads failed with the following output:
Change Dir: /home/cubagem/volumetry-visionaryt/CMakeFiles/CMakeTmp

Run Build Command:"/usr/bin/make" "cmTC_1ba3b/fast"
/usr/bin/make -f CMakeFiles/cmTC_1ba3b.dir/build.make CMakeFiles/cmTC_1ba3b.dir/build
make[1]: Entering directory '/home/cubagem/volumetry-visionaryt/CMakeFiles/CMakeTmp'
Building C object CMakeFiles/cmTC_1ba3b.dir/CheckFunctionExists.c.o
/usr/bin/cc    -DCHECK_FUNCTION_EXISTS=pthread_create   -o CMakeFiles/cmTC_1ba3b.dir/CheckFunctionExists.c.o   -c /usr/share/cmake-3.7/Modules/CheckFunctionExists.c
Linking C executable cmTC_1ba3b
/usr/bin/cmake -E cmake_link_script CMakeFiles/cmTC_1ba3b.dir/link.txt --verbose=1
/usr/bin/cc   -DCHECK_FUNCTION_EXISTS=pthread_create    CMakeFiles/cmTC_1ba3b.dir/CheckFunctionExists.c.o  -o cmTC_1ba3b -rdynamic -lpthreads 
/usr/bin/ld: cannot find -lpthreads
collect2: error: ld returned 1 exit status
CMakeFiles/cmTC_1ba3b.dir/build.make:97: recipe for target 'cmTC_1ba3b' failed
make[1]: *** [cmTC_1ba3b] Error 1
make[1]: Leaving directory '/home/cubagem/volumetry-visionaryt/CMakeFiles/CMakeTmp'
Makefile:126: recipe for target 'cmTC_1ba3b/fast' failed
make: *** [cmTC_1ba3b/fast] Error 2


